D:\WORK\SOURCE CODE\CSHARP\CONSOLEAPP\CONSOLEAPP\DEBUG\MAIN.OBJ
D:\WORK\SOURCE CODE\CSHARP\CONSOLEAPP\CONSOLEAPP\DEBUG\VC110.PDB
D:\WORK\SOURCE CODE\CSHARP\CONSOLEAPP\DEBUG\CONSOLEAPP.ILK
D:\WORK\SOURCE CODE\CSHARP\CONSOLEAPP\DEBUG\CONSOLEAPP.EXE
D:\WORK\SOURCE CODE\CSHARP\CONSOLEAPP\DEBUG\CONSOLEAPP.PDB
D:\WORK\Source Code\CSharp\ConsoleApp\ConsoleApp\Debug\Main.obj
D:\WORK\Source Code\CSharp\ConsoleApp\ConsoleApp\Debug\cl.command.1.tlog
D:\WORK\Source Code\CSharp\ConsoleApp\ConsoleApp\Debug\CL.read.1.tlog
D:\WORK\Source Code\CSharp\ConsoleApp\ConsoleApp\Debug\CL.write.1.tlog
D:\WORK\Source Code\CSharp\ConsoleApp\ConsoleApp\Debug\link-cvtres.read.1.tlog
D:\WORK\Source Code\CSharp\ConsoleApp\ConsoleApp\Debug\link-cvtres.write.1.tlog
D:\WORK\Source Code\CSharp\ConsoleApp\ConsoleApp\Debug\link-rc.read.1.tlog
D:\WORK\Source Code\CSharp\ConsoleApp\ConsoleApp\Debug\link-rc.write.1.tlog
D:\WORK\Source Code\CSharp\ConsoleApp\ConsoleApp\Debug\link.command.1.tlog
D:\WORK\Source Code\CSharp\ConsoleApp\ConsoleApp\Debug\link.read.1.tlog
D:\WORK\Source Code\CSharp\ConsoleApp\ConsoleApp\Debug\link.write.1.tlog
D:\WORK\Source Code\CSharp\ConsoleApp\ConsoleApp\Debug\vc110.idb
D:\WORK\Source Code\CSharp\ConsoleApp\ConsoleApp\Debug\vc110.pdb
D:\WORK\Source Code\CSharp\ConsoleApp\Debug\ConsoleApp.pdb
D:\WORK\Source Code\CSharp\ConsoleApp\Debug\ConsoleApp.exe
D:\WORK\Source Code\CSharp\ConsoleApp\Debug\ConsoleApp.ilk
